app/build/outputs/logs/manifest-merger-debug-report.txt
-- Merging decision tree log ---
manifest
ADDED from src/main/AndroidManifest.xml:2:1-146:12
	package
		ADDED from src/main/AndroidManifest.xml:4:5-50
		INJECTED from src/main/AndroidManifest.xml
		INJECTED from src/main/AndroidManifest.xml
	android:versionName
		INJECTED from src/main/AndroidManifest.xml
		INJECTED from src/main/AndroidManifest.xml
	xmlns:tools
		ADDED from src/main/AndroidManifest.xml:3:5-51
	xmlns:android
		ADDED from src/main/AndroidManifest.xml:2:11-69
	android:versionCode
		INJECTED from src/main/AndroidManifest.xml
		INJECTED from src/main/AndroidManifest.xml
uses-permission#android.permission.INTERNET
ADDED from src/main/AndroidManifest.xml:5:5-67
	android:name
		ADDED from src/main/AndroidManifest.xml:5:22-64
uses-permission#android.permission.ACCESS_WIFI_STATE
ADDED from src/main/AndroidManifest.xml:6:5-76
	android:name
		ADDED from src/main/AndroidManifest.xml:6:22-73
uses-permission#android.permission.ACCESS_NETWORK_STATE
ADDED from src/main/AndroidManifest.xml:7:5-79
	android:name
		ADDED from src/main/AndroidManifest.xml:7:22-76
uses-permission#android.permission.READ_PHONE_STATE
ADDED from src/main/AndroidManifest.xml:8:5-75
	android:name
		ADDED from src/main/AndroidManifest.xml:8:22-72
uses-permission#android.permission.WRITE_EXTERNAL_STORAGE
ADDED from src/main/AndroidManifest.xml:9:5-81
	android:name
		ADDED from src/main/AndroidManifest.xml:9:22-78
uses-permission#android.permission.READ_LOGS
ADDED from src/main/AndroidManifest.xml:10:5-68
	android:name
		ADDED from src/main/AndroidManifest.xml:10:22-65
uses-permission#android.permission.READ_EXTERNAL_STORAGE
ADDED from src/main/AndroidManifest.xml:13:5-80
	android:name
		ADDED from src/main/AndroidManifest.xml:13:22-77
uses-permission#android.permission.WRITE_SETTINGS
ADDED from src/main/AndroidManifest.xml:14:5-73
	android:name
		ADDED from src/main/AndroidManifest.xml:14:22-70
uses-permission#android.permission.RECEIVE_BOOT_COMPLETED
ADDED from src/main/AndroidManifest.xml:15:5-81
	android:name
		ADDED from src/main/AndroidManifest.xml:15:22-78
uses-permission#android.permission.WAKE_LOCK
ADDED from src/main/AndroidManifest.xml:16:5-68
	android:name
		ADDED from src/main/AndroidManifest.xml:16:22-65
uses-permission#android.permission.VIBRATE
ADDED from src/main/AndroidManifest.xml:17:5-66
	android:name
		ADDED from src/main/AndroidManifest.xml:17:22-63
uses-permission#android.permission.DISABLE_KEYGUARD
ADDED from src/main/AndroidManifest.xml:18:5-75
	android:name
		ADDED from src/main/AndroidManifest.xml:18:22-72
uses-permission#android.permission.DEVICE_POWER
ADDED from src/main/AndroidManifest.xml:20:5-71
	android:name
		ADDED from src/main/AndroidManifest.xml:20:22-68
uses-permission#ANDROID.PERMISSION.MOUNT_UNMOUNT_FILESYSTEMS
ADDED from src/main/AndroidManifest.xml:21:5-84
	android:name
		ADDED from src/main/AndroidManifest.xml:21:22-81
uses-permission#android.permission.SYSTEM_ALERT_WINDOW
ADDED from src/main/AndroidManifest.xml:27:5-78
	android:name
		ADDED from src/main/AndroidManifest.xml:27:22-75
application
ADDED from src/main/AndroidManifest.xml:29:5-144:19
MERGED from [com.android.support:appcompat-v7:23.3.0] AndroidManifest.xml:25:5-20
MERGED from [com.android.support:support-vector-drawable:23.3.0] AndroidManifest.xml:7:5-20
MERGED from [com.android.support:support-v4:23.3.0] AndroidManifest.xml:22:5-20
MERGED from [com.android.support:animated-vector-drawable:23.3.0] AndroidManifest.xml:7:5-20
MERGED from [com.android.support:support-vector-drawable:23.3.0] AndroidManifest.xml:7:5-20
MERGED from [com.android.support:support-v4:23.3.0] AndroidManifest.xml:22:5-20
MERGED from [com.android.support:support-v4:23.3.0] AndroidManifest.xml:22:5-20
MERGED from [com.android.support:design:23.3.0] AndroidManifest.xml:22:5-20
MERGED from [com.android.support:appcompat-v7:23.3.0] AndroidManifest.xml:25:5-20
MERGED from [com.android.support:support-vector-drawable:23.3.0] AndroidManifest.xml:7:5-20
MERGED from [com.android.support:support-v4:23.3.0] AndroidManifest.xml:22:5-20
MERGED from [com.android.support:animated-vector-drawable:23.3.0] AndroidManifest.xml:7:5-20
MERGED from [com.android.support:support-vector-drawable:23.3.0] AndroidManifest.xml:7:5-20
MERGED from [com.android.support:support-v4:23.3.0] AndroidManifest.xml:22:5-20
MERGED from [com.android.support:support-v4:23.3.0] AndroidManifest.xml:22:5-20
MERGED from [com.android.support:support-v4:23.3.0] AndroidManifest.xml:22:5-20
MERGED from [com.android.support:support-v4:23.3.0] AndroidManifest.xml:22:5-20
MERGED from [com.melnykov:floatingactionbutton:1.3.0] AndroidManifest.xml:12:5-20
MERGED from [com.android.support:support-v4:23.3.0] AndroidManifest.xml:22:5-20
MERGED from [com.github.glomadrian:DashedCircularProgress:1.0] AndroidManifest.xml:11:5-15:19
MERGED from [com.android.support:cardview-v7:23.3.0] AndroidManifest.xml:22:5-20
	android:label
		ADDED from src/main/AndroidManifest.xml:33:9-41
	android:hardwareAccelerated
		ADDED from src/main/AndroidManifest.xml:31:9-43
	android:allowBackup
		ADDED from src/main/AndroidManifest.xml:30:9-35
	android:icon
		ADDED from src/main/AndroidManifest.xml:32:9-36
		REJECTED from [com.github.glomadrian:DashedCircularProgress:1.0] AndroidManifest.xml:13:9-45
	tools:replace
		ADDED from src/main/AndroidManifest.xml:34:9-37
provider#com.niuniumei.intelligentalarmclock.provider.AlarmProvider
ADDED from src/main/AndroidManifest.xml:35:9-38:40
	android:authorities
		ADDED from src/main/AndroidManifest.xml:37:13-70
	android:exported
		ADDED from src/main/AndroidManifest.xml:38:13-37
	android:name
		ADDED from src/main/AndroidManifest.xml:36:13-51
activity#com.niuniumei.intelligentalarmclock.Activities.MainActivity
ADDED from src/main/AndroidManifest.xml:40:9-56:20
	android:launchMode
		ADDED from src/main/AndroidManifest.xml:43:13-48
	android:configChanges
		ADDED from src/main/AndroidManifest.xml:42:13-83
	android:theme
		ADDED from src/main/AndroidManifest.xml:44:13-48
	android:name
		ADDED from src/main/AndroidManifest.xml:41:13-52
meta-data#android.dock_home
ADDED from src/main/AndroidManifest.xml:45:13-47:40
	android:value
		ADDED from src/main/AndroidManifest.xml:47:17-37
	android:name
		ADDED from src/main/AndroidManifest.xml:46:17-49
intent-filter#android.intent.action.MAIN+android.intent.category.DEFAULT+android.intent.category.DESK_DOCK+android.intent.category.LAUNCHER
ADDED from src/main/AndroidManifest.xml:49:13-55:29
action#android.intent.action.MAIN
ADDED from src/main/AndroidManifest.xml:50:17-69
	android:name
		ADDED from src/main/AndroidManifest.xml:50:25-66
category#android.intent.category.DESK_DOCK
ADDED from src/main/AndroidManifest.xml:52:17-78
	android:name
		ADDED from src/main/AndroidManifest.xml:52:27-75
category#android.intent.category.DEFAULT
ADDED from src/main/AndroidManifest.xml:53:17-76
	android:name
		ADDED from src/main/AndroidManifest.xml:53:27-73
category#android.intent.category.LAUNCHER
ADDED from src/main/AndroidManifest.xml:54:17-77
	android:name
		ADDED from src/main/AndroidManifest.xml:54:27-74
activity#com.niuniumei.intelligentalarmclock.SetAlarmPreference
ADDED from src/main/AndroidManifest.xml:57:9-62:51
	android:label
		ADDED from src/main/AndroidManifest.xml:60:13-46
	android:parentActivityName
		ADDED from src/main/AndroidManifest.xml:61:13-66
	android:configChanges
		ADDED from src/main/AndroidManifest.xml:59:13-83
	android:theme
		ADDED from src/main/AndroidManifest.xml:62:13-48
	android:name
		ADDED from src/main/AndroidManifest.xml:58:13-47
activity#com.niuniumei.intelligentalarmclock.SettingsPreference
ADDED from src/main/AndroidManifest.xml:63:9-67:51
	android:label
		ADDED from src/main/AndroidManifest.xml:66:13-45
	android:configChanges
		ADDED from src/main/AndroidManifest.xml:65:13-83
	android:theme
		ADDED from src/main/AndroidManifest.xml:67:13-48
	android:name
		ADDED from src/main/AndroidManifest.xml:64:13-47
activity#com.niuniumei.intelligentalarmclock.AlarmAlertFullScreen
ADDED from src/main/AndroidManifest.xml:68:9-75:49
	android:screenOrientation
		ADDED from src/main/AndroidManifest.xml:70:13-50
	android:excludeFromRecents
		ADDED from src/main/AndroidManifest.xml:72:13-46
	android:launchMode
		ADDED from src/main/AndroidManifest.xml:73:13-48
	android:configChanges
		ADDED from src/main/AndroidManifest.xml:71:13-83
	android:theme
		ADDED from src/main/AndroidManifest.xml:75:13-46
	android:taskAffinity
		ADDED from src/main/AndroidManifest.xml:74:13-36
	android:name
		ADDED from src/main/AndroidManifest.xml:69:13-49
receiver#com.niuniumei.intelligentalarmclock.AlarmReceiver
ADDED from src/main/AndroidManifest.xml:77:9-83:20
	android:name
		ADDED from src/main/AndroidManifest.xml:77:19-48
intent-filter#alarm_killed+cancel_snooze+com.niuniumei.intelligentalarmclock.ALARM_ALERT
ADDED from src/main/AndroidManifest.xml:78:13-82:29
action#com.niuniumei.intelligentalarmclock.ALARM_ALERT
ADDED from src/main/AndroidManifest.xml:79:17-90
	android:name
		ADDED from src/main/AndroidManifest.xml:79:25-87
action#alarm_killed
ADDED from src/main/AndroidManifest.xml:80:17-55
	android:name
		ADDED from src/main/AndroidManifest.xml:80:25-52
action#cancel_snooze
ADDED from src/main/AndroidManifest.xml:81:17-56
	android:name
		ADDED from src/main/AndroidManifest.xml:81:25-53
activity#com.niuniumei.intelligentalarmclock.AlarmAlert
ADDED from src/main/AndroidManifest.xml:85:9-91:50
	android:excludeFromRecents
		ADDED from src/main/AndroidManifest.xml:88:13-46
	android:launchMode
		ADDED from src/main/AndroidManifest.xml:89:13-48
	android:configChanges
		ADDED from src/main/AndroidManifest.xml:87:13-83
	android:theme
		ADDED from src/main/AndroidManifest.xml:91:13-47
	android:taskAffinity
		ADDED from src/main/AndroidManifest.xml:90:13-36
	android:name
		ADDED from src/main/AndroidManifest.xml:86:13-39
activity#com.niuniumei.intelligentalarmclock.HandleSetAlarm
ADDED from src/main/AndroidManifest.xml:92:9-102:20
	android:excludeFromRecents
		ADDED from src/main/AndroidManifest.xml:94:13-46
	android:permission
		ADDED from src/main/AndroidManifest.xml:95:13-72
	android:theme
		ADDED from src/main/AndroidManifest.xml:96:13-59
	android:name
		ADDED from src/main/AndroidManifest.xml:93:13-43
intent-filter#android.intent.action.SET_ALARM+android.intent.category.DEFAULT
ADDED from src/main/AndroidManifest.xml:97:13-101:29
action#android.intent.action.SET_ALARM
ADDED from src/main/AndroidManifest.xml:98:17-74
	android:name
		ADDED from src/main/AndroidManifest.xml:98:25-71
service#com.niuniumei.intelligentalarmclock.AlarmKlaxon
ADDED from src/main/AndroidManifest.xml:104:9-110:19
	android:description
		ADDED from src/main/AndroidManifest.xml:106:13-68
	android:name
		ADDED from src/main/AndroidManifest.xml:105:13-40
intent-filter#com.niuniumei.intelligentalarmclock.ALARM_ALERT
ADDED from src/main/AndroidManifest.xml:107:13-109:29
activity#com.niuniumei.intelligentalarmclock.Activities.LoginActivity
ADDED from src/main/AndroidManifest.xml:112:9-114:51
	android:theme
		ADDED from src/main/AndroidManifest.xml:114:13-48
	android:name
		ADDED from src/main/AndroidManifest.xml:113:13-53
activity#com.niuniumei.intelligentalarmclock.Activities.RegisterActivity
ADDED from src/main/AndroidManifest.xml:115:9-117:51
	android:theme
		ADDED from src/main/AndroidManifest.xml:117:13-48
	android:name
		ADDED from src/main/AndroidManifest.xml:116:13-56
activity#net.youmi.android.AdBrowser
ADDED from src/main/AndroidManifest.xml:118:9-121:69
	android:configChanges
		ADDED from src/main/AndroidManifest.xml:120:13-83
	android:theme
		ADDED from src/main/AndroidManifest.xml:121:13-66
	android:name
		ADDED from src/main/AndroidManifest.xml:119:13-55
service#net.youmi.android.AdService
ADDED from src/main/AndroidManifest.xml:123:9-125:40
	android:exported
		ADDED from src/main/AndroidManifest.xml:125:13-37
	android:name
		ADDED from src/main/AndroidManifest.xml:124:13-55
receiver#net.youmi.android.AdReceiver
ADDED from src/main/AndroidManifest.xml:127:9-133:20
	android:name
		ADDED from src/main/AndroidManifest.xml:127:19-62
intent-filter#android.intent.action.PACKAGE_ADDED
ADDED from src/main/AndroidManifest.xml:128:13-132:29
action#android.intent.action.PACKAGE_ADDED
ADDED from src/main/AndroidManifest.xml:129:17-78
	android:name
		ADDED from src/main/AndroidManifest.xml:129:25-75
data
ADDED from src/main/AndroidManifest.xml:131:17-50
	android:scheme
		ADDED from src/main/AndroidManifest.xml:131:23-47
activity#com.niuniumei.intelligentalarmclock.Activities.StarActivity
ADDED from src/main/AndroidManifest.xml:135:9-138:51
	android:parentActivityName
		ADDED from src/main/AndroidManifest.xml:137:13-66
	android:theme
		ADDED from src/main/AndroidManifest.xml:138:13-48
	android:name
		ADDED from src/main/AndroidManifest.xml:136:13-52
activity#com.niuniumei.intelligentalarmclock.Activities.UpdateActivity
ADDED from src/main/AndroidManifest.xml:139:9-141:51
	android:theme
		ADDED from src/main/AndroidManifest.xml:141:13-48
	android:name
		ADDED from src/main/AndroidManifest.xml:140:13-54
activity#com.niuniumei.intelligentalarmclock.Activities.WeatherActivity
ADDED from src/main/AndroidManifest.xml:142:9-143:50
	android:theme
		ADDED from src/main/AndroidManifest.xml:143:13-48
	android:name
		ADDED from src/main/AndroidManifest.xml:142:19-61
uses-sdk
INJECTED from src/main/AndroidManifest.xml reason: use-sdk injection requested
MERGED from [com.android.support:appcompat-v7:23.3.0] AndroidManifest.xml:21:5-23:78
MERGED from [com.android.support:support-vector-drawable:23.3.0] AndroidManifest.xml:5:5-43
MERGED from [com.android.support:support-v4:23.3.0] AndroidManifest.xml:20:5-43
MERGED from [com.android.support:animated-vector-drawable:23.3.0] AndroidManifest.xml:5:5-44
MERGED from [com.android.support:support-vector-drawable:23.3.0] AndroidManifest.xml:5:5-43
MERGED from [com.android.support:support-v4:23.3.0] AndroidManifest.xml:20:5-43
MERGED from [com.android.support:support-v4:23.3.0] AndroidManifest.xml:20:5-43
MERGED from [pl.droidsonroids.gif:android-gif-drawable:1.1.15] AndroidManifest.xml:7:5-9:41
MERGED from [com.android.support:design:23.3.0] AndroidManifest.xml:20:5-43
MERGED from [com.android.support:appcompat-v7:23.3.0] AndroidManifest.xml:21:5-23:78
MERGED from [com.android.support:support-vector-drawable:23.3.0] AndroidManifest.xml:5:5-43
MERGED from [com.android.support:support-v4:23.3.0] AndroidManifest.xml:20:5-43
MERGED from [com.android.support:animated-vector-drawable:23.3.0] AndroidManifest.xml:5:5-44
MERGED from [com.android.support:support-vector-drawable:23.3.0] AndroidManifest.xml:5:5-43
MERGED from [com.android.support:support-v4:23.3.0] AndroidManifest.xml:20:5-43
MERGED from [com.android.support:support-v4:23.3.0] AndroidManifest.xml:20:5-43
MERGED from [com.android.support:support-v4:23.3.0] AndroidManifest.xml:20:5-43
MERGED from [com.android.support:recyclerview-v7:23.3.0] AndroidManifest.xml:20:5-43
MERGED from [com.android.support:support-v4:23.3.0] AndroidManifest.xml:20:5-43
MERGED from [com.melnykov:floatingactionbutton:1.3.0] AndroidManifest.xml:8:5-10:41
MERGED from [com.android.support:recyclerview-v7:23.3.0] AndroidManifest.xml:20:5-43
MERGED from [com.android.support:support-v4:23.3.0] AndroidManifest.xml:20:5-43
MERGED from [com.github.glomadrian:DashedCircularProgress:1.0] AndroidManifest.xml:7:5-9:41
MERGED from [com.android.support:cardview-v7:23.3.0] AndroidManifest.xml:20:5-43
	tools:overrideLibrary
		ADDED from [com.android.support:appcompat-v7:23.3.0] AndroidManifest.xml:23:9-75
	android:targetSdkVersion
		INJECTED from src/main/AndroidManifest.xml
		INJECTED from src/main/AndroidManifest.xml
	android:minSdkVersion
		INJECTED from src/main/AndroidManifest.xml
		INJECTED from src/main/AndroidManifest.xml